<?xml version="1.0" encoding="UTF-8"?>
<!-- Generated by org.testng.reporters.JUnitReportReporter -->
<testsuite hostname="DESKTOP-TG07KJ2" failures="0" tests="1" name="store.com.SearchStoreByZipCodeTest" time="22.337" errors="0" timestamp="2024-09-26T10:58:52 CDT" skipped="0">
  <testcase classname="store.com.SearchStoreByZipCodeTest" name="testSearchStoreByZipCode" time="22.337"/>
</testsuite> <!-- store.com.SearchStoreByZipCodeTest -->
