<?xml version="1.0" encoding="UTF-8"?>
<!-- Generated by org.testng.reporters.JUnitReportReporter -->
<testsuite hostname="DESKTOP-TG07KJ2" failures="0" tests="1" name="bag.com.AddProductToBagTest" time="31.876" errors="0" timestamp="2024-09-26T10:54:56 CDT" skipped="0">
  <testcase classname="bag.com.AddProductToBagTest" name="testUntitledTestCase" time="31.876"/>
</testsuite> <!-- bag.com.AddProductToBagTest -->
