<?xml version="1.0" encoding="UTF-8"?>
<!-- Generated by org.testng.reporters.JUnitReportReporter -->
<testsuite hostname="DESKTOP-TG07KJ2" failures="0" tests="1" name="product.com.SearchNonExistentProductTest" time="15.006" errors="0" timestamp="2024-09-26T10:55:48 CDT" skipped="0">
  <testcase classname="product.com.SearchNonExistentProductTest" name="testUntitledTestCase" time="15.006"/>
</testsuite> <!-- product.com.SearchNonExistentProductTest -->
