<?xml version="1.0" encoding="UTF-8"?>
<!-- Generated by org.testng.reporters.JUnitReportReporter -->
<testsuite hostname="DESKTOP-TG07KJ2" failures="0" tests="1" name="rewards.com.RewardsTest" time="14.258" errors="0" timestamp="2024-09-26T11:26:45 CDT" skipped="0">
  <testcase classname="rewards.com.RewardsTest" name="testUntitledTestCase" time="14.258"/>
</testsuite> <!-- rewards.com.RewardsTest -->
