<?xml version="1.0" encoding="UTF-8"?>
<!-- Generated by org.testng.reporters.JUnitReportReporter -->
<testsuite hostname="DESKTOP-TG07KJ2" failures="0" tests="1" name="FAQReturn.com.FAQReturnsTest" time="18.712" errors="0" timestamp="2024-09-26T10:53:38 CDT" skipped="0">
  <testcase classname="FAQReturn.com.FAQReturnsTest" name="testFAQReturns" time="18.712"/>
</testsuite> <!-- FAQReturn.com.FAQReturnsTest -->
