<?xml version="1.0" encoding="UTF-8"?>
<!-- Generated by org.testng.reporters.JUnitReportReporter -->
<testsuite hostname="DESKTOP-TG07KJ2" failures="0" tests="1" name="bag.com.RemoveProductToBagTest" time="27.695" errors="0" timestamp="2024-09-26T11:17:38 CDT" skipped="0">
  <testcase classname="bag.com.RemoveProductToBagTest" name="testUntitledTestCase" time="27.695"/>
</testsuite> <!-- bag.com.RemoveProductToBagTest -->
